<?xml version="1.0" encoding="UTF-8"?>
<!-- Generated by org.testng.reporters.JUnitXMLReporter -->
<testsuite ignored="1" hostname="DESKTOP-41OG350" failures="0" tests="8" name="Command line test" time="12.201" errors="0" timestamp="2020-08-05T00:15:57 MSK">
  <testcase classname="TestNGFourTaskTest" name="@BeforeMethod openMainPage" time="12.072">
    <failure type="org.openqa.selenium.WebDriverException" message="chrome not reachable
  (Session info: chrome=84.0.4147.105)
Build info: version: &amp;apos;3.141.59&amp;apos;, revision: &amp;apos;e82be7d358&amp;apos;, time: &amp;apos;2018-11-14T08:17:03&amp;apos;
System info: host: &amp;apos;DESKTOP-41OG350&amp;apos;, ip: &amp;apos;192.168.8.100&amp;apos;, os.name: &amp;apos;Windows 10&amp;apos;, os.arch: &amp;apos;amd64&amp;apos;, os.version: &amp;apos;10.0&amp;apos;, java.version: &amp;apos;13.0.1&amp;apos;
Driver info: org.openqa.selenium.chrome.ChromeDriver
Capabilities {acceptInsecureCerts: false, browserName: chrome, browserVersion: 84.0.4147.105, chrome: {chromedriverVersion: 84.0.4147.30 (48b3e868b4cc0..., userDataDir: C:\Users\balal\AppData\Loca...}, goog:chromeOptions: {debuggerAddress: localhost:53055}, javascriptEnabled: true, networkConnectionEnabled: false, pageLoadStrategy: normal, platform: WINDOWS, platformName: WINDOWS, proxy: Proxy(), setWindowRect: true, strictFileInteractability: false, timeouts: {implicit: 0, pageLoad: 300000, script: 30000}, unhandledPromptBehavior: dismiss and notify, webauthn:virtualAuthenticators: true}
Session ID: b9cacea92e1119c36475b51f95bbe811">
      <![CDATA[org.openqa.selenium.WebDriverException: chrome not reachable
  (Session info: chrome=84.0.4147.105)
Build info: version: '3.141.59', revision: 'e82be7d358', time: '2018-11-14T08:17:03'
System info: host: 'DESKTOP-41OG350', ip: '192.168.8.100', os.name: 'Windows 10', os.arch: 'amd64', os.version: '10.0', java.version: '13.0.1'
Driver info: org.openqa.selenium.chrome.ChromeDriver
Capabilities {acceptInsecureCerts: false, browserName: chrome, browserVersion: 84.0.4147.105, chrome: {chromedriverVersion: 84.0.4147.30 (48b3e868b4cc0..., userDataDir: C:\Users\balal\AppData\Loca...}, goog:chromeOptions: {debuggerAddress: localhost:53055}, javascriptEnabled: true, networkConnectionEnabled: false, pageLoadStrategy: normal, platform: WINDOWS, platformName: WINDOWS, proxy: Proxy(), setWindowRect: true, strictFileInteractability: false, timeouts: {implicit: 0, pageLoad: 300000, script: 30000}, unhandledPromptBehavior: dismiss and notify, webauthn:virtualAuthenticators: true}
Session ID: b9cacea92e1119c36475b51f95bbe811
at org.openqa.selenium.remote.http.W3CHttpResponseCodec.createException(W3CHttpResponseCodec.java:187)
at org.openqa.selenium.remote.http.W3CHttpResponseCodec.decode(W3CHttpResponseCodec.java:122)
at org.openqa.selenium.remote.http.W3CHttpResponseCodec.decode(W3CHttpResponseCodec.java:49)
at org.openqa.selenium.remote.HttpCommandExecutor.execute(HttpCommandExecutor.java:158)
at org.openqa.selenium.remote.service.DriverCommandExecutor.execute(DriverCommandExecutor.java:83)
at org.openqa.selenium.remote.RemoteWebDriver.execute(RemoteWebDriver.java:552)
at org.openqa.selenium.remote.RemoteWebDriver.get(RemoteWebDriver.java:277)
at TestNGFourTaskTest.openMainPage(TestNGFourTaskTest.java:44)
at java.base/java.util.ArrayList.forEach(ArrayList.java:1507)
... Removed 45 stack frames]]>
    </failure>
  </testcase> <!-- @BeforeMethod openMainPage -->
  <testcase classname="TestNGFourTaskTest" name="@BeforeMethod openMainPage" time="-1.596575757033E9">
    <skipped/>
  </testcase> <!-- @BeforeMethod openMainPage -->
  <testcase classname="TestNGFourTaskTest" name="@BeforeMethod openMainPage" time="-1.596575757042E9">
    <skipped/>
  </testcase> <!-- @BeforeMethod openMainPage -->
  <testcase classname="TestNGFourTaskTest" name="@BeforeMethod openMainPage" time="-1.596575757046E9">
    <skipped/>
  </testcase> <!-- @BeforeMethod openMainPage -->
  <testcase classname="TestNGFourTaskTest" name="@BeforeMethod openMainPage" time="-1.596575757048E9">
    <skipped/>
  </testcase> <!-- @BeforeMethod openMainPage -->
  <testcase classname="TestNGFourTaskTest" name="@BeforeMethod openMainPage" time="-1.596575757052E9">
    <skipped/>
  </testcase> <!-- @BeforeMethod openMainPage -->
  <testcase classname="TestNGFourTaskTest" name="findInHomeSearchAndSelectJavaDeveloper" time="0.0">
    <skipped/>
  </testcase> <!-- findInHomeSearchAndSelectJavaDeveloper -->
  <testcase classname="TestNGFourTaskTest" name="openCertainCourse" time="0.0">
    <skipped/>
  </testcase> <!-- openCertainCourse -->
  <testcase classname="TestNGFourTaskTest" name="openPageWithCatalogCourses" time="0.0">
    <skipped/>
  </testcase> <!-- openPageWithCatalogCourses -->
  <testcase classname="TestNGFourTaskTest" name="openStudyingWithTrainer" time="0.0">
    <skipped/>
  </testcase> <!-- openStudyingWithTrainer -->
  <testcase classname="TestNGFourTaskTest" name="startSite" time="0.0">
    <skipped/>
  </testcase> <!-- startSite -->
  <testcase classname="TestNGFourTaskTest" name="registrationUserAccount" time="0.0">
    <skipped/>
  </testcase> <!-- registrationUserAccount -->
  <testcase classname="TestNGFourTaskTest" name="checkEmptyForm" time="0.0">
    <skipped/>
  </testcase> <!-- checkEmptyForm -->
  <testcase classname="TestNGFourTaskTest" name="playVideo" time="0.001">
    <skipped/>
  </testcase> <!-- playVideo -->
  <testcase classname="TestNGFourTaskTest" name="closeNotification" time="0.0">
    <ignored/>
  </testcase> <!-- closeNotification -->
</testsuite> <!-- Command line test -->
