<?xml version="1.0" encoding="UTF-8" ?>
<testsuite tests="15" failures="1" name="TestNGFourTaskTest" time="41.236" errors="0" skipped="14">
  <properties>
[...]
</properties>
  <testcase classname="TestNGFourTaskTest" name="openMainPage" time="40.999">
    <failure message="chrome not reachable
  (Session info: chrome=84.0.4147.105)
Build info: version: &apos;3.141.59&apos;, revision: &apos;e82be7d358&apos;, time: &apos;2018-11-14T08:17:03&apos;
System info: host: &apos;DESKTOP-41OG350&apos;, ip: &apos;192.168.8.100&apos;, os.name: &apos;Windows 10&apos;, os.arch: &apos;amd64&apos;, os.version: &apos;10.0&apos;, java.version: &apos;13.0.1&apos;
Driver info: org.openqa.selenium.chrome.ChromeDriver
Capabilities {acceptInsecureCerts: false, browserName: chrome, browserVersion: 84.0.4147.105, chrome: {chromedriverVersion: 84.0.4147.30 (48b3e868b4cc0..., userDataDir: C:\Users\balal\AppData\Loca...}, goog:chromeOptions: {debuggerAddress: localhost:53055}, javascriptEnabled: true, networkConnectionEnabled: false, pageLoadStrategy: normal, platform: WINDOWS, platformName: WINDOWS, proxy: Proxy(), setWindowRect: true, strictFileInteractability: false, timeouts: {implicit: 0, pageLoad: 300000, script: 30000}, unhandledPromptBehavior: dismiss and notify, webauthn:virtualAuthenticators: true}
Session ID: b9cacea92e1119c36475b51f95bbe811" type="org.openqa.selenium.WebDriverException">org.openqa.selenium.WebDriverException: chrome not reachable
  (Session info: chrome=84.0.4147.105)
Build info: version: &apos;3.141.59&apos;, revision: &apos;e82be7d358&apos;, time: &apos;2018-11-14T08:17:03&apos;
System info: host: &apos;DESKTOP-41OG350&apos;, ip: &apos;192.168.8.100&apos;, os.name: &apos;Windows 10&apos;, os.arch: &apos;amd64&apos;, os.version: &apos;10.0&apos;, java.version: &apos;13.0.1&apos;
Driver info: org.openqa.selenium.chrome.ChromeDriver
Capabilities {acceptInsecureCerts: false, browserName: chrome, browserVersion: 84.0.4147.105, chrome: {chromedriverVersion: 84.0.4147.30 (48b3e868b4cc0..., userDataDir: C:\Users\balal\AppData\Loca...}, goog:chromeOptions: {debuggerAddress: localhost:53055}, javascriptEnabled: true, networkConnectionEnabled: false, pageLoadStrategy: normal, platform: WINDOWS, platformName: WINDOWS, proxy: Proxy(), setWindowRect: true, strictFileInteractability: false, timeouts: {implicit: 0, pageLoad: 300000, script: 30000}, unhandledPromptBehavior: dismiss and notify, webauthn:virtualAuthenticators: true}
Session ID: b9cacea92e1119c36475b51f95bbe811
	at java.base/jdk.internal.reflect.NativeConstructorAccessorImpl.newInstance0(Native Method)
	at java.base/jdk.internal.reflect.NativeConstructorAccessorImpl.newInstance(NativeConstructorAccessorImpl.java:62)
	at java.base/jdk.internal.reflect.DelegatingConstructorAccessorImpl.newInstance(DelegatingConstructorAccessorImpl.java:45)
	at java.base/java.lang.reflect.Constructor.newInstanceWithCaller(Constructor.java:500)
	at java.base/java.lang.reflect.Constructor.newInstance(Constructor.java:481)
	at org.openqa.selenium.remote.http.W3CHttpResponseCodec.createException(W3CHttpResponseCodec.java:187)
	at org.openqa.selenium.remote.http.W3CHttpResponseCodec.decode(W3CHttpResponseCodec.java:122)
	at org.openqa.selenium.remote.http.W3CHttpResponseCodec.decode(W3CHttpResponseCodec.java:49)
	at org.openqa.selenium.remote.HttpCommandExecutor.execute(HttpCommandExecutor.java:158)
	at org.openqa.selenium.remote.service.DriverCommandExecutor.execute(DriverCommandExecutor.java:83)
	at org.openqa.selenium.remote.RemoteWebDriver.execute(RemoteWebDriver.java:552)
	at org.openqa.selenium.remote.RemoteWebDriver.get(RemoteWebDriver.java:277)
	at TestNGFourTaskTest.openMainPage(TestNGFourTaskTest.java:44)
</failure>
    <system-out>Configuring TestNG with: org.apache.maven.surefire.testng.conf.TestNG652Configurator@c39f790
</system-out>
    <system-err>Starting ChromeDriver 84.0.4147.30 (48b3e868b4cc0aa7e8149519690b6f6949e110a8-refs/branch-heads/4147@{#310}) on port 27125
Only local connections are allowed.
Please see https://chromedriver.chromium.org/security-considerations for suggestions on keeping ChromeDriver safe.
ChromeDriver was started successfully.
авг. 05, 2020 12:15:23 AM org.openqa.selenium.remote.ProtocolHandshake createSession
INFO: Detected dialect: W3C
[1596575727.852][WARNING]: Timed out connecting to Chrome, retrying...
[1596575736.653][WARNING]: Timed out connecting to Chrome, retrying...
[1596575748.942][WARNING]: Timed out connecting to Chrome, retrying...
</system-err>
  </testcase>
  <testcase classname="TestNGFourTaskTest" name="findInHomeSearchAndSelectJavaDeveloper" time="0">
    <skipped/>
  </testcase>
  <testcase classname="TestNGFourTaskTest" name="openMainPage" time="0.002">
    <skipped/>
  </testcase>
  <testcase classname="TestNGFourTaskTest" name="openCertainCourse" time="0.001">
    <skipped/>
  </testcase>
  <testcase classname="TestNGFourTaskTest" name="openMainPage" time="0.005">
    <skipped/>
  </testcase>
  <testcase classname="TestNGFourTaskTest" name="openPageWithCatalogCourses" time="0.001">
    <skipped/>
  </testcase>
  <testcase classname="TestNGFourTaskTest" name="openMainPage" time="0.003">
    <skipped/>
  </testcase>
  <testcase classname="TestNGFourTaskTest" name="openStudyingWithTrainer" time="0.001">
    <skipped/>
  </testcase>
  <testcase classname="TestNGFourTaskTest" name="openMainPage" time="0.002">
    <skipped/>
  </testcase>
  <testcase classname="TestNGFourTaskTest" name="startSite" time="0">
    <skipped/>
  </testcase>
  <testcase classname="TestNGFourTaskTest" name="openMainPage" time="0.002">
    <skipped/>
  </testcase>
  <testcase classname="TestNGFourTaskTest" name="registrationUserAccount" time="0">
    <skipped/>
  </testcase>
  <testcase classname="TestNGFourTaskTest" name="checkEmptyForm" time="0">
    <skipped/>
  </testcase>
  <testcase classname="TestNGFourTaskTest" name="playVideo" time="0.001">
    <skipped/>
  </testcase>
  <testcase classname="TestNGFourTaskTest" name="termination" time="0.219">
    <skipped/>
  </testcase>
</testsuite>